android/秘密花园/app/build/intermediates/manifest_merge_blame_file/debug/manifest-merger-blame-debug-report.txt
1<?xml version="1.0" encoding="utf-8"?>
2<manifest xmlns:android="http://schemas.android.com/apk/res/android"
3    package="com.comeback.secret.garden"
4    platformBuildVersionCode="29"
5    platformBuildVersionName="10"
6    android:compileSdkVersion="29"
7    android:compileSdkVersionCodename="10"
8    android:versionCode="10"
9    android:versionName="1.0" >
10
11    <uses-sdk
11-->src/main/AndroidManifest.xml:3:5-73
12        android:minSdkVersion="21"
12-->src/main/AndroidManifest.xml:3:15-41
13        android:targetSdkVersion="29" />
13-->src/main/AndroidManifest.xml:3:42-71
14
15    <uses-permission android:name="android.permission.INTERNET" />
15-->src/main/AndroidManifest.xml:4:5-66
15-->src/main/AndroidManifest.xml:4:22-64
16    <uses-permission android:name="android.permission.ACCESS_NETWORK_STATE" />
16-->src/main/AndroidManifest.xml:5:5-78
16-->src/main/AndroidManifest.xml:5:22-76
17    <uses-permission android:name="android.permission.ACCESS_WIFI_STATE" />
17-->src/main/AndroidManifest.xml:6:5-75
17-->src/main/AndroidManifest.xml:6:22-73
18    <uses-permission android:name="android.permission.READ_PHONE_STATE" />
18-->src/main/AndroidManifest.xml:7:5-74
18-->src/main/AndroidManifest.xml:7:22-72
19    <uses-permission android:name="android.permission.INTERNET" />
19-->src/main/AndroidManifest.xml:4:5-66
19-->src/main/AndroidManifest.xml:4:22-64
20    <uses-permission android:name="android.permission.WRITE_EXTERNAL_STORAGE" />
20-->src/main/AndroidManifest.xml:9:5-80
20-->src/main/AndroidManifest.xml:9:22-78
21    <uses-permission android:name="android.permission.READ_EXTERNAL_STORAGE" />
21-->src/main/AndroidManifest.xml:10:5-79
21-->src/main/AndroidManifest.xml:10:22-77
22
23    <application
23-->src/main/AndroidManifest.xml:11:5-260:19
24        android:name="com.comeback.data.App"
24-->src/main/AndroidManifest.xml:11:133-169
25        android:allowBackup="true"
25-->src/main/AndroidManifest.xml:11:170-196
26        android:appComponentFactory="androidx.core.app.CoreComponentFactory"
26-->src/main/AndroidManifest.xml:11:332-400
27        android:debuggable="true"
28        android:icon="@mipmap/icon_secret_garden"
28-->src/main/AndroidManifest.xml:11:91-132
29        android:label="@string/app_name"
29-->src/main/AndroidManifest.xml:11:58-90
30        android:networkSecurityConfig="@xml/network_security_config"
30-->src/main/AndroidManifest.xml:11:224-284
31        android:requestLegacyExternalStorage="true"
31-->src/main/AndroidManifest.xml:11:401-444
32        android:roundIcon="@mipmap/icon_secret_garden"
32-->src/main/AndroidManifest.xml:11:285-331
33        android:supportsRtl="true"
33-->src/main/AndroidManifest.xml:11:197-223
34        android:testOnly="true"
35        android:theme="@style/AppTheme.ToolBar" >
35-->src/main/AndroidManifest.xml:11:18-57
36        <activity
36-->src/main/AndroidManifest.xml:12:9-211
37            android:name="com.comeback.data.ui.main.MainActivity"
37-->src/main/AndroidManifest.xml:12:59-112
38            android:configChanges="keyboardHidden|orientation|screenSize"
38-->src/main/AndroidManifest.xml:12:113-174
39            android:hardwareAccelerated="true"
39-->src/main/AndroidManifest.xml:12:175-209
40            android:theme="@style/AppTheme.ToolBar" />
40-->src/main/AndroidManifest.xml:12:19-58
41        <activity
41-->src/main/AndroidManifest.xml:13:9-219
42            android:name="com.comeback.data.ui.main.SecretGardenActivity"
42-->src/main/AndroidManifest.xml:13:59-120
43            android:configChanges="keyboardHidden|orientation|screenSize"
43-->src/main/AndroidManifest.xml:13:121-182
44            android:hardwareAccelerated="true"
44-->src/main/AndroidManifest.xml:13:183-217
45            android:theme="@style/AppTheme.ToolBar" />
45-->src/main/AndroidManifest.xml:13:19-58
46        <activity android:name="com.comeback.data.ui.main.NoticeActivity" />
46-->src/main/AndroidManifest.xml:14:9-76
46-->src/main/AndroidManifest.xml:14:19-74
47        <activity android:name="com.comeback.data.ui.main.QuestionActivity" />
47-->src/main/AndroidManifest.xml:15:9-78
47-->src/main/AndroidManifest.xml:15:19-76
48        <activity android:name="com.comeback.data.ui.main.UpdateActivity" />
48-->src/main/AndroidManifest.xml:16:9-76
48-->src/main/AndroidManifest.xml:16:19-74
49        <activity android:name="com.comeback.data.ui.main.CollectActivity" />
49-->src/main/AndroidManifest.xml:17:9-77
49-->src/main/AndroidManifest.xml:17:19-75
50        <activity android:name="com.comeback.data.ui.main.DownloadActivity" />
50-->src/main/AndroidManifest.xml:18:9-78
50-->src/main/AndroidManifest.xml:18:19-76
51        <activity android:name="com.comeback.data.ui.main.AppActivity" />
51-->src/main/AndroidManifest.xml:19:9-73
51-->src/main/AndroidManifest.xml:19:19-71
52        <activity
52-->src/main/AndroidManifest.xml:20:9-123
53            android:name="com.comeback.data.ui.main.AddCollectActivity"
53-->src/main/AndroidManifest.xml:20:19-78
54            android:windowSoftInputMode="adjustResize" />
54-->src/main/AndroidManifest.xml:20:79-121
55        <activity android:name="com.comeback.data.ui.main.ADLauncherActivity" />
55-->src/main/AndroidManifest.xml:21:9-80
55-->src/main/AndroidManifest.xml:21:19-78
56        <activity android:name="com.comeback.data.ui.main.LauncherActivity" >
56-->src/main/AndroidManifest.xml:22:9-27:20
56-->src/main/AndroidManifest.xml:22:19-76
57            <intent-filter>
57-->src/main/AndroidManifest.xml:23:13-26:29
58                <action android:name="android.intent.action.MAIN" />
58-->src/main/AndroidManifest.xml:24:17-68
58-->src/main/AndroidManifest.xml:24:25-66
59
60                <category android:name="android.intent.category.LAUNCHER" />
60-->src/main/AndroidManifest.xml:25:17-76
60-->src/main/AndroidManifest.xml:25:27-74
61            </intent-filter>
62        </activity>
63        <activity
63-->src/main/AndroidManifest.xml:28:9-174
64            android:name="com.comeback.data.ui.test.TestExoActivity"
64-->src/main/AndroidManifest.xml:28:19-75
65            android:configChanges="keyboardHidden|orientation|screenSize"
65-->src/main/AndroidManifest.xml:28:76-137
66            android:hardwareAccelerated="true" />
66-->src/main/AndroidManifest.xml:28:138-172
67        <activity android:name="com.comeback.data.ui.aimeiju.AMJLauncherActivity" />
67-->src/main/AndroidManifest.xml:29:9-84
67-->src/main/AndroidManifest.xml:29:19-82
68        <activity android:name="com.comeback.data.ui.aimeiju.AimeijuActivity" />
68-->src/main/AndroidManifest.xml:30:9-80
68-->src/main/AndroidManifest.xml:30:19-78
69        <activity android:name="com.comeback.data.ui.aimeiju.TopicActivity" />
69-->src/main/AndroidManifest.xml:31:9-78
69-->src/main/AndroidManifest.xml:31:19-76
70        <activity android:name="com.comeback.data.ui.aimeiju.SearchActivity" />
70-->src/main/AndroidManifest.xml:32:9-79
70-->src/main/AndroidManifest.xml:32:19-77
71        <activity android:name="com.comeback.data.ui.aimeiju.SearchResultActivity" />
71-->src/main/AndroidManifest.xml:33:9-85
71-->src/main/AndroidManifest.xml:33:19-83
72        <activity
72-->src/main/AndroidManifest.xml:34:9-181
73            android:name="com.comeback.data.ui.aimeiju.MovieDetailActivity"
73-->src/main/AndroidManifest.xml:34:19-82
74            android:configChanges="keyboardHidden|orientation|screenSize"
74-->src/main/AndroidManifest.xml:34:83-144
75            android:hardwareAccelerated="true" />
75-->src/main/AndroidManifest.xml:34:145-179
76        <activity
76-->src/main/AndroidManifest.xml:35:9-173
77            android:name="com.comeback.data.ui.test.TiktopActivity"
77-->src/main/AndroidManifest.xml:35:19-74
78            android:configChanges="keyboardHidden|orientation|screenSize"
78-->src/main/AndroidManifest.xml:35:75-136
79            android:hardwareAccelerated="true" />
79-->src/main/AndroidManifest.xml:35:137-171
80        <activity android:name="com.comeback.data.ui.fengliu.FengliuActivity" />
80-->src/main/AndroidManifest.xml:36:9-80
80-->src/main/AndroidManifest.xml:36:19-78
81        <activity android:name="com.comeback.data.ui.fengliu.MyFengliuActivity" />
81-->src/main/AndroidManifest.xml:37:9-82
81-->src/main/AndroidManifest.xml:37:19-80
82        <activity android:name="com.comeback.data.ui.fengliu.Fengliu2Activity" />
82-->src/main/AndroidManifest.xml:38:9-81
82-->src/main/AndroidManifest.xml:38:19-79
83        <activity android:name="com.comeback.data.ui.fengliu.InfoActivity" />
83-->src/main/AndroidManifest.xml:39:9-77
83-->src/main/AndroidManifest.xml:39:19-75
84        <activity android:name="com.comeback.data.ui.fengliu.Info2Activity" />
84-->src/main/AndroidManifest.xml:40:9-78
84-->src/main/AndroidManifest.xml:40:19-76
85        <activity android:name="com.comeback.data.ui.km.KmLaunchActivity" />
85-->src/main/AndroidManifest.xml:41:9-76
85-->src/main/AndroidManifest.xml:41:19-74
86        <activity android:name="com.comeback.data.ui.km.MainActivity" />
86-->src/main/AndroidManifest.xml:42:9-72
86-->src/main/AndroidManifest.xml:42:19-70
87        <activity android:name="com.comeback.data.ui.km.UserCenterActivity" />
87-->src/main/AndroidManifest.xml:43:9-78
87-->src/main/AndroidManifest.xml:43:19-76
88        <activity android:name="com.comeback.data.ui.km.FollowListActivity" />
88-->src/main/AndroidManifest.xml:44:9-78
88-->src/main/AndroidManifest.xml:44:19-76
89        <activity android:name="com.comeback.data.ui.km.CollectListActivity" />
89-->src/main/AndroidManifest.xml:45:9-79
89-->src/main/AndroidManifest.xml:45:19-77
90        <activity android:name="com.comeback.data.ui.km.PicActivity" />
90-->src/main/AndroidManifest.xml:46:9-71
90-->src/main/AndroidManifest.xml:46:19-69
91        <activity
91-->src/main/AndroidManifest.xml:47:9-174
92            android:name="com.comeback.data.ui.km.VideoPlayActivity"
92-->src/main/AndroidManifest.xml:47:19-75
93            android:configChanges="keyboardHidden|orientation|screenSize"
93-->src/main/AndroidManifest.xml:47:76-137
94            android:hardwareAccelerated="true" />
94-->src/main/AndroidManifest.xml:47:138-172
95        <activity android:name="com.comeback.data.ui.km2.Km2LaunchActivity" />
95-->src/main/AndroidManifest.xml:48:9-78
95-->src/main/AndroidManifest.xml:48:19-76
96        <activity android:name="com.comeback.data.ui.km2.Km2Activity" />
96-->src/main/AndroidManifest.xml:49:9-72
96-->src/main/AndroidManifest.xml:49:19-70
97        <activity android:name="com.comeback.data.ui.km2.UserCenterActivity" />
97-->src/main/AndroidManifest.xml:50:9-79
97-->src/main/AndroidManifest.xml:50:19-77
98        <activity android:name="com.comeback.data.ui.km2.FollowListActivity" />
98-->src/main/AndroidManifest.xml:51:9-79
98-->src/main/AndroidManifest.xml:51:19-77
99        <activity android:name="com.comeback.data.ui.km2.CollectListActivity" />
99-->src/main/AndroidManifest.xml:52:9-80
99-->src/main/AndroidManifest.xml:52:19-78
100        <activity android:name="com.comeback.data.ui.km2.MMActivity" />
100-->src/main/AndroidManifest.xml:53:9-71
100-->src/main/AndroidManifest.xml:53:19-69
101        <activity android:name="com.comeback.data.ui.km2.MMDetailActivity" />
101-->src/main/AndroidManifest.xml:54:9-77
101-->src/main/AndroidManifest.xml:54:19-75
102        <activity android:name="com.comeback.data.ui.km2.AreaChooseActivity" />
102-->src/main/AndroidManifest.xml:55:9-79
102-->src/main/AndroidManifest.xml:55:19-77
103        <activity
103-->src/main/AndroidManifest.xml:56:9-175
104            android:name="com.comeback.data.ui.km2.VideoPlayActivity"
104-->src/main/AndroidManifest.xml:56:19-76
105            android:configChanges="keyboardHidden|orientation|screenSize"
105-->src/main/AndroidManifest.xml:56:77-138
106            android:hardwareAccelerated="true" />
106-->src/main/AndroidManifest.xml:56:139-173
107        <activity android:name="com.comeback.data.ui.movieCloud.VideoSearchActivity" />
107-->src/main/AndroidManifest.xml:57:9-87
107-->src/main/AndroidManifest.xml:57:19-85
108        <activity
108-->src/main/AndroidManifest.xml:58:9-177
109            android:name="com.comeback.data.ui.movieCloud.PlayActivity"
109-->src/main/AndroidManifest.xml:58:19-78
110            android:configChanges="keyboardHidden|orientation|screenSize"
110-->src/main/AndroidManifest.xml:58:79-140
111            android:hardwareAccelerated="true" />
111-->src/main/AndroidManifest.xml:58:141-175
112        <activity
112-->src/main/AndroidManifest.xml:59:9-187
113            android:name="com.comeback.data.ui.H5.H5Activity"
113-->src/main/AndroidManifest.xml:59:19-68
114            android:configChanges="keyboardHidden|orientation|screenSize"
114-->src/main/AndroidManifest.xml:59:69-130
115            android:windowSoftInputMode="stateHidden|adjustResize" />
115-->src/main/AndroidManifest.xml:59:131-185
116        <activity android:name="com.comeback.data.ui.maomi.MmLaunchActivity" />
116-->src/main/AndroidManifest.xml:60:9-79
116-->src/main/AndroidManifest.xml:60:19-77
117        <activity android:name="com.comeback.data.ui.maomi.MainActivity" />
117-->src/main/AndroidManifest.xml:61:9-75
117-->src/main/AndroidManifest.xml:61:19-73
118        <activity
118-->src/main/AndroidManifest.xml:62:9-179
119            android:name="com.comeback.data.ui.maomi.MovieDetailActivity"
119-->src/main/AndroidManifest.xml:62:19-80
120            android:configChanges="keyboardHidden|orientation|screenSize"
120-->src/main/AndroidManifest.xml:62:81-142
121            android:hardwareAccelerated="true" />
121-->src/main/AndroidManifest.xml:62:143-177
122        <activity android:name="com.comeback.data.ui.maomi.SearchActivity" />
122-->src/main/AndroidManifest.xml:63:9-77
122-->src/main/AndroidManifest.xml:63:19-75
123        <activity android:name="com.comeback.data.ui.maomi.SpecialDetailActivity" />
123-->src/main/AndroidManifest.xml:64:9-84
123-->src/main/AndroidManifest.xml:64:19-82
124        <activity android:name="com.comeback.data.ui.maomi.NovelActivity" />
124-->src/main/AndroidManifest.xml:65:9-76
124-->src/main/AndroidManifest.xml:65:19-74
125        <activity android:name="com.comeback.data.ui.maomi.NovelReadActivity" />
125-->src/main/AndroidManifest.xml:66:9-80
125-->src/main/AndroidManifest.xml:66:19-78
126        <activity android:name="com.comeback.data.ui.maomi.VoiceAnchorSpecialActivity" />
126-->src/main/AndroidManifest.xml:67:9-89
126-->src/main/AndroidManifest.xml:67:19-87
127        <activity android:name="com.comeback.data.ui.maomi.VoiceAnchorDetailActivity" />
127-->src/main/AndroidManifest.xml:68:9-88
127-->src/main/AndroidManifest.xml:68:19-86
128        <activity android:name="com.comeback.data.ui.maomi.CartoonActivity" />
128-->src/main/AndroidManifest.xml:69:9-78
128-->src/main/AndroidManifest.xml:69:19-76
129        <activity android:name="com.comeback.data.ui.maomi.CartoonListActivity" />
129-->src/main/AndroidManifest.xml:70:9-82
129-->src/main/AndroidManifest.xml:70:19-80
130        <activity android:name="com.comeback.data.ui.maomi.CartoonDetailActivity" />
130-->src/main/AndroidManifest.xml:71:9-84
130-->src/main/AndroidManifest.xml:71:19-82
131        <activity android:name="com.comeback.data.ui.maomi.CartoonWatchActivity" />
131-->src/main/AndroidManifest.xml:72:9-83
131-->src/main/AndroidManifest.xml:72:19-81
132        <activity
132-->src/main/AndroidManifest.xml:73:9-177
133            android:name="com.comeback.data.ui.maomi.VoicePlayActivity"
133-->src/main/AndroidManifest.xml:73:19-78
134            android:configChanges="keyboardHidden|orientation|screenSize"
134-->src/main/AndroidManifest.xml:73:79-140
135            android:hardwareAccelerated="true" />
135-->src/main/AndroidManifest.xml:73:141-175
136        <activity android:name="com.comeback.data.ui.maomi.VoiceActivity" />
136-->src/main/AndroidManifest.xml:74:9-76
136-->src/main/AndroidManifest.xml:74:19-74
137        <activity android:name="com.comeback.data.ui.hgl.MyLiveActivity" />
137-->src/main/AndroidManifest.xml:75:9-75
137-->src/main/AndroidManifest.xml:75:19-73
138        <activity android:name="com.comeback.data.ui.hgl.LiveListActivity" />
138-->src/main/AndroidManifest.xml:76:9-77
138-->src/main/AndroidManifest.xml:76:19-75
139        <activity
139-->src/main/AndroidManifest.xml:77:9-170
140            android:name="com.comeback.data.ui.hgl.LiveActivity"
140-->src/main/AndroidManifest.xml:77:19-71
141            android:configChanges="keyboardHidden|orientation|screenSize"
141-->src/main/AndroidManifest.xml:77:72-133
142            android:hardwareAccelerated="true" />
142-->src/main/AndroidManifest.xml:77:134-168
143        <activity android:name="com.comeback.data.ui.xj.XJLaunchActivity" />
143-->src/main/AndroidManifest.xml:78:9-76
143-->src/main/AndroidManifest.xml:78:19-74
144        <activity android:name="com.comeback.data.ui.xj.MainActivity" />
144-->src/main/AndroidManifest.xml:79:9-72
144-->src/main/AndroidManifest.xml:79:19-70
145        <activity
145-->src/main/AndroidManifest.xml:80:9-169
146            android:name="com.comeback.data.ui.xj.PlayActivity"
146-->src/main/AndroidManifest.xml:80:19-70
147            android:configChanges="keyboardHidden|orientation|screenSize"
147-->src/main/AndroidManifest.xml:80:71-132
148            android:hardwareAccelerated="true" />
148-->src/main/AndroidManifest.xml:80:133-167
149        <activity android:name="com.comeback.data.ui.xj.ShortActivity" />
149-->src/main/AndroidManifest.xml:81:9-73
149-->src/main/AndroidManifest.xml:81:19-71
150        <activity android:name="com.comeback.data.ui.xj.SpecialDetailActivity" />
150-->src/main/AndroidManifest.xml:82:9-81
150-->src/main/AndroidManifest.xml:82:19-79
151        <activity android:name="com.comeback.data.ui.xj.SearchActivity" />
151-->src/main/AndroidManifest.xml:83:9-74
151-->src/main/AndroidManifest.xml:83:19-72
152        <activity android:name="com.comeback.data.ui.xj.ScreenActivity" />
152-->src/main/AndroidManifest.xml:84:9-74
152-->src/main/AndroidManifest.xml:84:19-72
153        <activity
153-->src/main/AndroidManifest.xml:85:9-167
154            android:name="com.comeback.data.ui.dn.DNActivity"
154-->src/main/AndroidManifest.xml:85:19-68
155            android:configChanges="keyboardHidden|orientation|screenSize"
155-->src/main/AndroidManifest.xml:85:69-130
156            android:hardwareAccelerated="true" />
156-->src/main/AndroidManifest.xml:85:131-165
157        <activity android:name="com.comeback.data.ui.dn.SearchActivity" />
157-->src/main/AndroidManifest.xml:86:9-74
157-->src/main/AndroidManifest.xml:86:19-72
158        <activity android:name="com.comeback.data.ui.dn.UserActivity" />
158-->src/main/AndroidManifest.xml:87:9-72
158-->src/main/AndroidManifest.xml:87:19-70
159        <activity
159-->src/main/AndroidManifest.xml:88:9-174
160            android:name="com.comeback.data.ui.dn.VideoListActivity"
160-->src/main/AndroidManifest.xml:88:19-75
161            android:configChanges="keyboardHidden|orientation|screenSize"
161-->src/main/AndroidManifest.xml:88:76-137
162            android:hardwareAccelerated="true" />
162-->src/main/AndroidManifest.xml:88:138-172
163        <activity android:name="com.comeback.data.ui.sex8.Sex8Activity" />
163-->src/main/AndroidManifest.xml:89:9-74
163-->src/main/AndroidManifest.xml:89:19-72
164        <activity android:name="com.comeback.data.ui.sex8.ui.LouFengActivity" />
164-->src/main/AndroidManifest.xml:90:9-80
164-->src/main/AndroidManifest.xml:90:19-78
165        <activity android:name="com.comeback.data.ui.sex8.ui.LouFengDetailActivity" />
165-->src/main/AndroidManifest.xml:91:9-86
165-->src/main/AndroidManifest.xml:91:19-84
166        <activity android:name="com.comeback.data.ui.sex8.ui.YXActivity" />
166-->src/main/AndroidManifest.xml:92:9-75
166-->src/main/AndroidManifest.xml:92:19-73
167        <activity android:name="com.comeback.data.ui.sex8.ui.YXDetailActivity" />
167-->src/main/AndroidManifest.xml:93:9-81
167-->src/main/AndroidManifest.xml:93:19-79
168        <activity android:name="com.comeback.data.ui.sex8.ui.YXAuthorDetailActivity" />
168-->src/main/AndroidManifest.xml:94:9-87
168-->src/main/AndroidManifest.xml:94:19-85
169        <activity
169-->src/main/AndroidManifest.xml:95:9-176
170            android:name="com.comeback.data.ui.sex8.ui.YXPlayActivity"
170-->src/main/AndroidManifest.xml:95:19-77
171            android:configChanges="keyboardHidden|orientation|screenSize"
171-->src/main/AndroidManifest.xml:95:78-139
172            android:hardwareAccelerated="true" />
172-->src/main/AndroidManifest.xml:95:140-174
173        <activity
173-->src/main/AndroidManifest.xml:96:9-114
174            android:name="com.comeback.data.ui.tv91.MainActivity"
174-->src/main/AndroidManifest.xml:96:19-72
175            android:windowSoftInputMode="adjustPan" />
175-->src/main/AndroidManifest.xml:96:73-112
176        <activity android:name="com.comeback.data.ui.tv91.Tv91LauncherActivity" />
176-->src/main/AndroidManifest.xml:97:9-82
176-->src/main/AndroidManifest.xml:97:19-80
177        <activity
177-->src/main/AndroidManifest.xml:98:9-171
178            android:name="com.comeback.data.ui.tv91.PlayActivity"
178-->src/main/AndroidManifest.xml:98:19-72
179            android:configChanges="keyboardHidden|orientation|screenSize"
179-->src/main/AndroidManifest.xml:98:73-134
180            android:hardwareAccelerated="true" />
180-->src/main/AndroidManifest.xml:98:135-169
181        <activity android:name="com.comeback.data.ui.tv91.VideoBrowseActivity" />
181-->src/main/AndroidManifest.xml:99:9-81
181-->src/main/AndroidManifest.xml:99:19-79
182        <activity android:name="com.comeback.data.ui.tv91.SearchActivity" />
182-->src/main/AndroidManifest.xml:100:9-76
182-->src/main/AndroidManifest.xml:100:19-74
183        <activity android:name="com.comeback.data.ui.lutube.LutubeLaunchActivity" />
183-->src/main/AndroidManifest.xml:101:9-84
183-->src/main/AndroidManifest.xml:101:19-82
184        <activity android:name="com.comeback.data.ui.lutube.MainActivity" />
184-->src/main/AndroidManifest.xml:102:9-76
184-->src/main/AndroidManifest.xml:102:19-74
185        <activity android:name="com.comeback.data.ui.lutube.ActorDetailActivity" />
185-->src/main/AndroidManifest.xml:103:9-83
185-->src/main/AndroidManifest.xml:103:19-81
186        <activity android:name="com.comeback.data.ui.lutube.VideoListActivity" />
186-->src/main/AndroidManifest.xml:104:9-81
186-->src/main/AndroidManifest.xml:104:19-79
187        <activity android:name="com.comeback.data.ui.lutube.SearchResultActivity" />
187-->src/main/AndroidManifest.xml:105:9-84
187-->src/main/AndroidManifest.xml:105:19-82
188        <activity android:name="com.comeback.data.ui.lutube.SearchActivity" />
188-->src/main/AndroidManifest.xml:106:9-78
188-->src/main/AndroidManifest.xml:106:19-76
189        <activity
189-->src/main/AndroidManifest.xml:107:9-178
190            android:name="com.comeback.data.ui.lutube.VideoPlayActivity"
190-->src/main/AndroidManifest.xml:107:19-79
191            android:configChanges="keyboardHidden|orientation|screenSize"
191-->src/main/AndroidManifest.xml:107:80-141
192            android:hardwareAccelerated="true" />
192-->src/main/AndroidManifest.xml:107:142-176
193        <activity android:name="com.comeback.data.ui.gkj.GkjLauncherActivity" />
193-->src/main/AndroidManifest.xml:108:9-80
193-->src/main/AndroidManifest.xml:108:19-78
194        <activity android:name="com.comeback.data.ui.gkj.GKJActivity" />
194-->src/main/AndroidManifest.xml:109:9-72
194-->src/main/AndroidManifest.xml:109:19-70
195        <activity android:name="com.comeback.data.ui.gkj.ComicDetailActivity" />
195-->src/main/AndroidManifest.xml:110:9-80
195-->src/main/AndroidManifest.xml:110:19-78
196        <activity android:name="com.comeback.data.ui.gkj.ComicReadActivity" />
196-->src/main/AndroidManifest.xml:111:9-78
196-->src/main/AndroidManifest.xml:111:19-76
197        <activity android:name="com.comeback.data.ui.gkj.CgReadActivity" />
197-->src/main/AndroidManifest.xml:112:9-75
197-->src/main/AndroidManifest.xml:112:19-73
198        <activity android:name="com.comeback.data.ui.gkj.SearchActivity" />
198-->src/main/AndroidManifest.xml:113:9-75
198-->src/main/AndroidManifest.xml:113:19-73
199        <activity android:name="com.comeback.data.ui.gkj.SearchResultActivity" />
199-->src/main/AndroidManifest.xml:114:9-81
199-->src/main/AndroidManifest.xml:114:19-79
200        <activity android:name="com.comeback.data.ui.gkj.ScreenActivity" />
200-->src/main/AndroidManifest.xml:115:9-75
200-->src/main/AndroidManifest.xml:115:19-73
201        <activity android:name="com.comeback.data.ui.gkj.SpecialActivity" />
201-->src/main/AndroidManifest.xml:116:9-76
201-->src/main/AndroidManifest.xml:116:19-74
202        <activity android:name="com.comeback.data.ui.gkj.RankActivity" />
202-->src/main/AndroidManifest.xml:117:9-73
202-->src/main/AndroidManifest.xml:117:19-71
203        <activity
203-->src/main/AndroidManifest.xml:118:9-170
204            android:name="com.comeback.data.ui.gkj.PlayActivity"
204-->src/main/AndroidManifest.xml:118:19-71
205            android:configChanges="keyboardHidden|orientation|screenSize"
205-->src/main/AndroidManifest.xml:118:72-133
206            android:hardwareAccelerated="true" />
206-->src/main/AndroidManifest.xml:118:134-168
207        <activity android:name="com.comeback.data.ui.iqiyi.IQYLaunchActivity" />
207-->src/main/AndroidManifest.xml:119:9-80
207-->src/main/AndroidManifest.xml:119:19-78
208        <activity android:name="com.comeback.data.ui.iqiyi.IQYMainActivity" />
208-->src/main/AndroidManifest.xml:120:9-78
208-->src/main/AndroidManifest.xml:120:19-76
209        <activity android:name="com.comeback.data.ui.iqiyi.CategoryActivity" />
209-->src/main/AndroidManifest.xml:121:9-79
209-->src/main/AndroidManifest.xml:121:19-77
210        <activity android:name="com.comeback.data.ui.iqiyi.SearchActivity" />
210-->src/main/AndroidManifest.xml:122:9-77
210-->src/main/AndroidManifest.xml:122:19-75
211        <activity android:name="com.comeback.data.ui.iqiyi.VideoListActivity" />
211-->src/main/AndroidManifest.xml:123:9-80
211-->src/main/AndroidManifest.xml:123:19-78
212        <activity
212-->src/main/AndroidManifest.xml:124:9-112
213            android:name="com.comeback.data.ui.iqiyi.UserCenterActivity"
213-->src/main/AndroidManifest.xml:124:19-79
214            android:launchMode="singleTop" />
214-->src/main/AndroidManifest.xml:124:80-110
215        <activity android:name="com.comeback.data.ui.fulao2.FuLao2LaunchActivity" />
215-->src/main/AndroidManifest.xml:125:9-84
215-->src/main/AndroidManifest.xml:125:19-82
216        <activity android:name="com.comeback.data.ui.fulao2.FuLao2Launch2Activity" />
216-->src/main/AndroidManifest.xml:126:9-85
216-->src/main/AndroidManifest.xml:126:19-83
217        <activity android:name="com.comeback.data.ui.fulao2.FuLao2Activity" />
217-->src/main/AndroidManifest.xml:127:9-78
217-->src/main/AndroidManifest.xml:127:19-76
218        <activity android:name="com.comeback.data.ui.fulao2.RankActivity" />
218-->src/main/AndroidManifest.xml:128:9-76
218-->src/main/AndroidManifest.xml:128:19-74
219        <activity android:name="com.comeback.data.ui.fulao2.SearchResultActivity" />
219-->src/main/AndroidManifest.xml:129:9-84
219-->src/main/AndroidManifest.xml:129:19-82
220        <activity android:name="com.comeback.data.ui.fulao2.ActorDetailActivity" />
220-->src/main/AndroidManifest.xml:130:9-83
220-->src/main/AndroidManifest.xml:130:19-81
221        <activity android:name="com.comeback.data.ui.fulao2.TypeDetailActivity" />
221-->src/main/AndroidManifest.xml:131:9-82
221-->src/main/AndroidManifest.xml:131:19-80
222        <activity android:name="com.comeback.data.ui.fulao2.SearchActivity" />
222-->src/main/AndroidManifest.xml:132:9-78
222-->src/main/AndroidManifest.xml:132:19-76
223        <activity android:name="com.comeback.data.ui.fulao2.ScreenActivity" />
223-->src/main/AndroidManifest.xml:133:9-78
223-->src/main/AndroidManifest.xml:133:19-76
224        <activity
224-->src/main/AndroidManifest.xml:134:9-173
225            android:name="com.comeback.data.ui.fulao2.PlayActivity"
225-->src/main/AndroidManifest.xml:134:19-74
226            android:configChanges="keyboardHidden|orientation|screenSize"
226-->src/main/AndroidManifest.xml:134:75-136
227            android:hardwareAccelerated="true" />
227-->src/main/AndroidManifest.xml:134:137-171
228        <activity
228-->src/main/AndroidManifest.xml:135:9-193
229            android:name="com.comeback.data.ui.hg.HGBrowseActivity"
229-->src/main/AndroidManifest.xml:135:19-74
230            android:configChanges="keyboardHidden|orientation|screenSize"
230-->src/main/AndroidManifest.xml:135:75-136
231            android:windowSoftInputMode="stateHidden|adjustResize" />
231-->src/main/AndroidManifest.xml:135:137-191
232        <activity
232-->src/main/AndroidManifest.xml:136:9-229
233            android:name="com.comeback.data.ui.hg.HGMovieDetailActivity"
233-->src/main/AndroidManifest.xml:136:19-79
234            android:configChanges="keyboardHidden|orientation|screenSize"
234-->src/main/AndroidManifest.xml:136:111-172
235            android:launchMode="singleTop"
235-->src/main/AndroidManifest.xml:136:80-110
236            android:windowSoftInputMode="stateHidden|adjustResize" />
236-->src/main/AndroidManifest.xml:136:173-227
237        <activity android:name="com.comeback.data.ui.test.TestActivity" />
237-->src/main/AndroidManifest.xml:137:9-74
237-->src/main/AndroidManifest.xml:137:19-72
238        <activity android:name="com.comeback.data.ui.slf.SlfLauncherActivity" />
238-->src/main/AndroidManifest.xml:138:9-80
238-->src/main/AndroidManifest.xml:138:19-78
239        <activity android:name="com.comeback.data.ui.slf.SlfActivity" />
239-->src/main/AndroidManifest.xml:139:9-72
239-->src/main/AndroidManifest.xml:139:19-70
240        <activity android:name="com.comeback.data.ui.slf.ComicDetailActivity" />